<?xml version="1.0" encoding="UTF-8"?>
<testsuite xmlns:xsi="http://www.w3.org/2001/XMLSchema-instance" xsi:noNamespaceSchemaLocation="https://maven.apache.org/surefire/maven-surefire-plugin/xsd/surefire-test-report-3.0.xsd" version="3.0" name="com.example.generalservice.GeneralServiceApplicationTests" time="14.478" tests="1" errors="0" skipped="0" failures="0">
  <properties>
[...]
</properties>
  <testcase name="contextLoads" classname="com.example.generalservice.GeneralServiceApplicationTests" time="1.024">
    <system-out><![CDATA[10:51:36.088 [main] INFO org.springframework.test.context.support.AnnotationConfigContextLoaderUtils -- Could not detect default configuration classes for test class [com.example.generalservice.GeneralServiceApplicationTests]: GeneralServiceApplicationTests does not declare any static, non-private, non-final, nested classes annotated with @Configuration.
10:51:36.272 [main] INFO org.springframework.boot.test.context.SpringBootTestContextBootstrapper -- Found @SpringBootConfiguration com.example.generalservice.GeneralServiceApplication for test class com.example.generalservice.GeneralServiceApplicationTests

  .   ____          _            __ _ _
 /\\ / ___'_ __ _ _(_)_ __  __ _ \ \ \ \
( ( )\___ | '_ | '_| | '_ \/ _` | \ \ \ \
 \\/  ___)| |_)| | | | | || (_| |  ) ) ) )
  '  |____| .__|_| |_|_| |_\__, | / / / /
 =========|_|==============|___/=/_/_/_/
 :: Spring Boot ::                (v3.1.4)

2023-10-10T10:51:37.313+05:30  INFO 16604 --- [           main] c.e.g.GeneralServiceApplicationTests     : Starting GeneralServiceApplicationTests using Java 17.0.7 with PID 16604 (started by Imran in D:\GITHUB\Prosol\general-service)
2023-10-10T10:51:37.316+05:30  INFO 16604 --- [           main] c.e.g.GeneralServiceApplicationTests     : No active profile set, falling back to 1 default profile: "default"
2023-10-10T10:51:39.140+05:30  INFO 16604 --- [           main] .s.d.r.c.RepositoryConfigurationDelegate : Bootstrapping Spring Data JPA repositories in DEFAULT mode.
2023-10-10T10:51:39.541+05:30  INFO 16604 --- [           main] .s.d.r.c.RepositoryConfigurationDelegate : Finished Spring Data repository scanning in 386 ms. Found 9 JPA repository interfaces.
2023-10-10T10:51:40.018+05:30  INFO 16604 --- [           main] o.s.cloud.context.scope.GenericScope     : BeanFactory id=2158a52f-5e80-38f7-b538-38718d22a262
2023-10-10T10:51:40.766+05:30  INFO 16604 --- [           main] o.hibernate.jpa.internal.util.LogHelper  : HHH000204: Processing PersistenceUnitInfo [name: default]
2023-10-10T10:51:40.888+05:30  INFO 16604 --- [           main] org.hibernate.Version                    : HHH000412: Hibernate ORM core version 6.2.9.Final
2023-10-10T10:51:40.893+05:30  INFO 16604 --- [           main] org.hibernate.cfg.Environment            : HHH000406: Using bytecode reflection optimizer
2023-10-10T10:51:41.391+05:30  INFO 16604 --- [           main] o.h.b.i.BytecodeProviderInitiator        : HHH000021: Bytecode provider name : bytebuddy
2023-10-10T10:51:41.668+05:30  INFO 16604 --- [           main] o.s.o.j.p.SpringPersistenceUnitInfo      : No LoadTimeWeaver setup: ignoring JPA class transformer
2023-10-10T10:51:41.696+05:30  INFO 16604 --- [           main] com.zaxxer.hikari.HikariDataSource       : HikariPool-1 - Starting...
2023-10-10T10:51:42.133+05:30  INFO 16604 --- [           main] com.zaxxer.hikari.pool.HikariPool        : HikariPool-1 - Added connection org.postgresql.jdbc.PgConnection@596afb2f
2023-10-10T10:51:42.137+05:30  INFO 16604 --- [           main] com.zaxxer.hikari.HikariDataSource       : HikariPool-1 - Start completed.
2023-10-10T10:51:42.754+05:30  INFO 16604 --- [           main] o.h.b.i.BytecodeProviderInitiator        : HHH000021: Bytecode provider name : bytebuddy
2023-10-10T10:51:44.203+05:30  INFO 16604 --- [           main] o.h.e.t.j.p.i.JtaPlatformInitiator       : HHH000490: Using JtaPlatform implementation: [org.hibernate.engine.transaction.jta.platform.internal.NoJtaPlatform]
2023-10-10T10:51:44.400+05:30  INFO 16604 --- [           main] j.LocalContainerEntityManagerFactoryBean : Initialized JPA EntityManagerFactory for persistence unit 'default'
2023-10-10T10:51:46.312+05:30  WARN 16604 --- [           main] JpaBaseConfiguration$JpaWebConfiguration : spring.jpa.open-in-view is enabled by default. Therefore, database queries may be performed during view rendering. Explicitly configure spring.jpa.open-in-view to disable this warning
2023-10-10T10:51:47.644+05:30  INFO 16604 --- [           main] DiscoveryClientOptionalArgsConfiguration : Eureka HTTP Client uses RestTemplate.
2023-10-10T10:51:48.057+05:30  WARN 16604 --- [           main] iguration$LoadBalancerCaffeineWarnLogger : Spring Cloud LoadBalancer is currently working with the default cache. While this cache implementation is useful for development and tests, it's recommended to use Caffeine cache in production.You can switch to using Caffeine cache, by adding it and org.springframework.cache.caffeine.CaffeineCacheManager to the classpath.
2023-10-10T10:51:48.114+05:30  INFO 16604 --- [           main] o.s.c.n.eureka.InstanceInfoFactory       : Setting initial instance status as: STARTING
2023-10-10T10:51:48.305+05:30  INFO 16604 --- [           main] com.netflix.discovery.DiscoveryClient    : Initializing Eureka in region us-east-1
2023-10-10T10:51:48.317+05:30  INFO 16604 --- [           main] c.n.d.s.r.aws.ConfigClusterResolver      : Resolving eureka endpoints via configuration
2023-10-10T10:51:48.357+05:30  INFO 16604 --- [           main] com.netflix.discovery.DiscoveryClient    : Disable delta property : false
2023-10-10T10:51:48.358+05:30  INFO 16604 --- [           main] com.netflix.discovery.DiscoveryClient    : Single vip registry refresh property : null
2023-10-10T10:51:48.358+05:30  INFO 16604 --- [           main] com.netflix.discovery.DiscoveryClient    : Force full registry fetch : false
2023-10-10T10:51:48.358+05:30  INFO 16604 --- [           main] com.netflix.discovery.DiscoveryClient    : Application is null : false
2023-10-10T10:51:48.358+05:30  INFO 16604 --- [           main] com.netflix.discovery.DiscoveryClient    : Registered Applications size is zero : true
2023-10-10T10:51:48.358+05:30  INFO 16604 --- [           main] com.netflix.discovery.DiscoveryClient    : Application version is -1: true
2023-10-10T10:51:48.358+05:30  INFO 16604 --- [           main] com.netflix.discovery.DiscoveryClient    : Getting all instance registry info from the eureka server
2023-10-10T10:51:49.111+05:30  INFO 16604 --- [           main] com.netflix.discovery.DiscoveryClient    : The response status is 200
2023-10-10T10:51:49.117+05:30  INFO 16604 --- [           main] com.netflix.discovery.DiscoveryClient    : Starting heartbeat executor: renew interval is: 30
2023-10-10T10:51:49.124+05:30  INFO 16604 --- [           main] c.n.discovery.InstanceInfoReplicator     : InstanceInfoReplicator onDemand update allowed rate per min is 4
2023-10-10T10:51:49.136+05:30  INFO 16604 --- [           main] com.netflix.discovery.DiscoveryClient    : Discovery Client initialized at timestamp 1696915309133 with initial instances count: 1
2023-10-10T10:51:49.145+05:30  INFO 16604 --- [           main] o.s.c.n.e.s.EurekaServiceRegistry        : Registering application GENERAL-SERVICE with eureka with status UP
2023-10-10T10:51:49.146+05:30  INFO 16604 --- [           main] com.netflix.discovery.DiscoveryClient    : Saw local status change event StatusChangeEvent [timestamp=1696915309146, current=UP, previous=STARTING]
2023-10-10T10:51:49.153+05:30  INFO 16604 --- [nfoReplicator-0] com.netflix.discovery.DiscoveryClient    : DiscoveryClient_GENERAL-SERVICE/IMRAN:GENERAL-SERVICE:8001: registering service...
2023-10-10T10:51:49.184+05:30  INFO 16604 --- [           main] c.e.g.GeneralServiceApplicationTests     : Started GeneralServiceApplicationTests in 12.642 seconds (process running for 14.394)
2023-10-10T10:51:49.256+05:30  INFO 16604 --- [nfoReplicator-0] com.netflix.discovery.DiscoveryClient    : DiscoveryClient_GENERAL-SERVICE/IMRAN:GENERAL-SERVICE:8001 - registration status: 204
]]></system-out>
  </testcase>
</testsuite>